This is pdfTeX, Version 3.141592653-2.6-1.40.22 (TeX Live 2022/dev/Debian) (preloaded format=pdflatex 2023.3.27)  27 MAR 2023 11:51
entering extended mode
 restricted \write18 enabled.
 %&-line parsing enabled.
**index.tex
(./index.tex
LaTeX2e <2021-11-15> patch level 1
L3 programming layer <2022-01-21> (./sphinxmanual.cls
Document Class: sphinxmanual 2019/12/01 v2.3.0 Document class (Sphinx manual)
(/usr/share/texlive/texmf-dist/tex/latex/base/report.cls
Document Class: report 2021/10/04 v1.4n Standard LaTeX document class
(/usr/share/texlive/texmf-dist/tex/latex/base/size10.clo
File: size10.clo 2021/10/04 v1.4n Standard LaTeX file (size option)
)
\c@part=\count185
\c@chapter=\count186
\c@section=\count187
\c@subsection=\count188
\c@subsubsection=\count189
\c@paragraph=\count190
\c@subparagraph=\count191
\c@figure=\count192
\c@table=\count193
\abovecaptionskip=\skip47
\belowcaptionskip=\skip48
\bibindent=\dimen138
)
LaTeX Info: Redefining \and on input line 35.
)
(/usr/share/texlive/texmf-dist/tex/latex/base/inputenc.sty
Package: inputenc 2021/02/14 v1.3d Input encoding file
\inpenc@prehook=\toks16
\inpenc@posthook=\toks17
)
   defining Unicode char U+00A0 (decimal 160)
   defining Unicode char U+2500 (decimal 9472)
   defining Unicode char U+2502 (decimal 9474)
   defining Unicode char U+2514 (decimal 9492)
   defining Unicode char U+251C (decimal 9500)
   defining Unicode char U+2572 (decimal 9586)

(/usr/share/texlive/texmf-dist/tex/latex/cmap/cmap.sty
Package: cmap 2021/02/06 v1.0j CMap support: searchable PDF
)
(/usr/share/texlive/texmf-dist/tex/latex/base/fontenc.sty
Package: fontenc 2021/04/29 v2.0v Standard LaTeX package
<<t1.cmap>>)
(/usr/share/texlive/texmf-dist/tex/latex/amsmath/amsmath.sty
Package: amsmath 2021/10/15 v2.17l AMS math features
\@mathmargin=\skip49

For additional information on amsmath, use the `?' option.
(/usr/share/texlive/texmf-dist/tex/latex/amsmath/amstext.sty
Package: amstext 2021/08/26 v2.01 AMS text

(/usr/share/texlive/texmf-dist/tex/latex/amsmath/amsgen.sty
File: amsgen.sty 1999/11/30 v2.0 generic functions
\@emptytoks=\toks18
\ex@=\dimen139
))
(/usr/share/texlive/texmf-dist/tex/latex/amsmath/amsbsy.sty
Package: amsbsy 1999/11/29 v1.2d Bold Symbols
\pmbraise@=\dimen140
)
(/usr/share/texlive/texmf-dist/tex/latex/amsmath/amsopn.sty
Package: amsopn 2021/08/26 v2.02 operator names
)
\inf@bad=\count194
LaTeX Info: Redefining \frac on input line 234.
\uproot@=\count195
\leftroot@=\count196
LaTeX Info: Redefining \overline on input line 399.
\classnum@=\count197
\DOTSCASE@=\count198
LaTeX Info: Redefining \ldots on input line 496.
LaTeX Info: Redefining \dots on input line 499.
LaTeX Info: Redefining \cdots on input line 620.
\Mathstrutbox@=\box50
\strutbox@=\box51
\big@size=\dimen141
LaTeX Font Info:    Redeclaring font encoding OML on input line 743.
LaTeX Font Info:    Redeclaring font encoding OMS on input line 744.
\macc@depth=\count199
\c@MaxMatrixCols=\count266
\dotsspace@=\muskip16
\c@parentequation=\count267
\dspbrk@lvl=\count268
\tag@help=\toks19
\row@=\count269
\column@=\count270
\maxfields@=\count271
\andhelp@=\toks20
\eqnshift@=\dimen142
\alignsep@=\dimen143
\tagshift@=\dimen144
\tagwidth@=\dimen145
\totwidth@=\dimen146
\lineht@=\dimen147
\@envbody=\toks21
\multlinegap=\skip50
\multlinetaggap=\skip51
\mathdisplay@stack=\toks22
LaTeX Info: Redefining \[ on input line 2938.
LaTeX Info: Redefining \] on input line 2939.
)
(/usr/share/texlive/texmf-dist/tex/latex/amsfonts/amssymb.sty
Package: amssymb 2013/01/14 v3.01 AMS font symbols

(/usr/share/texlive/texmf-dist/tex/latex/amsfonts/amsfonts.sty
Package: amsfonts 2013/01/14 v3.01 Basic AMSFonts support
\symAMSa=\mathgroup4
\symAMSb=\mathgroup5
LaTeX Font Info:    Redeclaring math symbol \hbar on input line 98.
LaTeX Font Info:    Overwriting math alphabet `\mathfrak' in version `bold'
(Font)                  U/euf/m/n --> U/euf/b/n on input line 106.
))
(/usr/share/texlive/texmf-dist/tex/generic/babel/babel.sty
Package: babel 2022/01/26 3.70 The Babel package
\babel@savecnt=\count272
\U@D=\dimen148
\l@unhyphenated=\language3

(/usr/share/texlive/texmf-dist/tex/generic/babel/txtbabel.def)
\bbl@readstream=\read2
\bbl@dirlevel=\count273

(/usr/share/texlive/texmf-dist/tex/generic/babel-english/english.ldf
Language: english 2017/06/06 v3.3r English support from the babel system
Package babel Info: Hyphen rules for 'british' set to \l@english
(babel)             (\language0). Reported on input line 82.
Package babel Info: Hyphen rules for 'UKenglish' set to \l@english
(babel)             (\language0). Reported on input line 83.
Package babel Info: Hyphen rules for 'canadian' set to \l@english
(babel)             (\language0). Reported on input line 102.
Package babel Info: Hyphen rules for 'australian' set to \l@english
(babel)             (\language0). Reported on input line 105.
Package babel Info: Hyphen rules for 'newzealand' set to \l@english
(babel)             (\language0). Reported on input line 108.
))
(/usr/share/texmf/tex/latex/tex-gyre/tgtermes.sty
Package: tgtermes 2009/09/27 v1.2 TeX Gyre Termes as default roman family

(/usr/share/texlive/texmf-dist/tex/latex/kvoptions/kvoptions.sty
Package: kvoptions 2020-10-07 v3.14 Key value format for package options (HO)

(/usr/share/texlive/texmf-dist/tex/latex/graphics/keyval.sty
Package: keyval 2014/10/28 v1.15 key=value parser (DPC)
\KV@toks@=\toks23
)
(/usr/share/texlive/texmf-dist/tex/generic/ltxcmds/ltxcmds.sty
Package: ltxcmds 2020-05-10 v1.25 LaTeX kernel commands for general use (HO)
)
(/usr/share/texlive/texmf-dist/tex/generic/kvsetkeys/kvsetkeys.sty
Package: kvsetkeys 2019/12/15 v1.18 Key value parser (HO)
)))
(/usr/share/texmf/tex/latex/tex-gyre/tgheros.sty
Package: tgheros 2009/09/27 v1.2 TeX Gyre Heros as default sans serif family
)
(/usr/share/texlive/texmf-dist/tex/latex/fncychap/fncychap.sty
Package: fncychap 2007/07/30 v1.34 LaTeX package (Revised chapters)
\RW=\skip52
\mylen=\skip53
\myhi=\skip54
\px=\skip55
\py=\skip56
\pyy=\skip57
\pxx=\skip58
\c@AlphaCnt=\count274
\c@AlphaDecCnt=\count275
) (./sphinx.sty
Package: sphinx 2021/01/27 v4.0.0 LaTeX package (Sphinx markup)

(/usr/share/texlive/texmf-dist/tex/latex/xcolor/xcolor.sty
Package: xcolor 2021/10/31 v2.13 LaTeX color extensions (UK)

(/usr/share/texlive/texmf-dist/tex/latex/graphics-cfg/color.cfg
File: color.cfg 2016/01/02 v1.6 sample color configuration
)
Package xcolor Info: Driver file: pdftex.def on input line 227.

(/usr/share/texlive/texmf-dist/tex/latex/graphics-def/pdftex.def
File: pdftex.def 2020/10/05 v1.2a Graphics/color driver for pdftex
)
Package xcolor Info: Model `cmy' substituted by `cmy0' on input line 1352.
Package xcolor Info: Model `hsb' substituted by `rgb' on input line 1356.
Package xcolor Info: Model `RGB' extended on input line 1368.
Package xcolor Info: Model `HTML' substituted by `rgb' on input line 1370.
Package xcolor Info: Model `Hsb' substituted by `hsb' on input line 1371.
Package xcolor Info: Model `tHsb' substituted by `hsb' on input line 1372.
Package xcolor Info: Model `HSB' substituted by `hsb' on input line 1373.
Package xcolor Info: Model `Gray' substituted by `gray' on input line 1374.
Package xcolor Info: Model `wave' substituted by `hsb' on input line 1375.
)
\sphinxverbatimsep=\dimen149
\sphinxverbatimborder=\dimen150
\sphinxshadowsep=\dimen151
\sphinxshadowsize=\dimen152
\sphinxshadowrule=\dimen153
\spx@notice@border=\dimen154

(./sphinxoptionshyperref.sty
File: sphinxoptionshyperref.sty 2021/01/27 hyperref
) (./sphinxoptionsgeometry.sty
File: sphinxoptionsgeometry.sty 2021/01/27 geometry
)
(/usr/share/texlive/texmf-dist/tex/latex/base/textcomp.sty
Package: textcomp 2020/02/02 v2.0n Standard LaTeX package
)
(/usr/share/texlive/texmf-dist/tex/latex/float/float.sty
Package: float 2001/11/08 v1.3d Float enhancements (AL)
\c@float@type=\count276
\float@exts=\toks24
\float@box=\box52
\@float@everytoks=\toks25
\@floatcapt=\box53
)
(/usr/share/texlive/texmf-dist/tex/latex/wrapfig/wrapfig.sty
\wrapoverhang=\dimen155
\WF@size=\dimen156
\c@WF@wrappedlines=\count277
\WF@box=\box54
\WF@everypar=\toks26
Package: wrapfig 2003/01/31  v 3.6
)
(/usr/share/texlive/texmf-dist/tex/latex/capt-of/capt-of.sty
Package: capt-of 2009/12/29 v0.2 standard captions outside of floats
)
(/usr/share/texlive/texmf-dist/tex/latex/tools/multicol.sty
Package: multicol 2021/10/28 v1.9b multicolumn formatting (FMi)
\c@tracingmulticols=\count278
\mult@box=\box55
\multicol@leftmargin=\dimen157
\c@unbalance=\count279
\c@collectmore=\count280
\doublecol@number=\count281
\multicoltolerance=\count282
\multicolpretolerance=\count283
\full@width=\dimen158
\page@free=\dimen159
\premulticols=\dimen160
\postmulticols=\dimen161
\multicolsep=\skip59
\multicolbaselineskip=\skip60
\partial@page=\box56
\last@line=\box57
\maxbalancingoverflow=\dimen162
\mult@rightbox=\box58
\mult@grightbox=\box59
\mult@firstbox=\box60
\mult@gfirstbox=\box61
\@tempa=\box62
\@tempa=\box63
\@tempa=\box64
\@tempa=\box65
\@tempa=\box66
\@tempa=\box67
\@tempa=\box68
\@tempa=\box69
\@tempa=\box70
\@tempa=\box71
\@tempa=\box72
\@tempa=\box73
\@tempa=\box74
\@tempa=\box75
\@tempa=\box76
\@tempa=\box77
\@tempa=\box78
\@tempa=\box79
\@tempa=\box80
\@tempa=\box81
\@tempa=\box82
\@tempa=\box83
\@tempa=\box84
\@tempa=\box85
\@tempa=\box86
\@tempa=\box87
\@tempa=\box88
\@tempa=\box89
\@tempa=\box90
\@tempa=\box91
\@tempa=\box92
\@tempa=\box93
\@tempa=\box94
\@tempa=\box95
\@tempa=\box96
\@tempa=\box97
\c@minrows=\count284
\c@columnbadness=\count285
\c@finalcolumnbadness=\count286
\last@try=\dimen163
\multicolovershoot=\dimen164
\multicolundershoot=\dimen165
\mult@nat@firstbox=\box98
\colbreak@box=\box99
\mc@col@check@num=\count287
)
(/usr/share/texlive/texmf-dist/tex/latex/graphics/graphicx.sty
Package: graphicx 2021/09/16 v1.2d Enhanced LaTeX Graphics (DPC,SPQR)

(/usr/share/texlive/texmf-dist/tex/latex/graphics/graphics.sty
Package: graphics 2021/03/04 v1.4d Standard LaTeX Graphics (DPC,SPQR)

(/usr/share/texlive/texmf-dist/tex/latex/graphics/trig.sty
Package: trig 2021/08/11 v1.11 sin cos tan (DPC)
)
(/usr/share/texlive/texmf-dist/tex/latex/graphics-cfg/graphics.cfg
File: graphics.cfg 2016/06/04 v1.11 sample graphics configuration
)
Package graphics Info: Driver file: pdftex.def on input line 107.
)
\Gin@req@height=\dimen166
\Gin@req@width=\dimen167
)
(./sphinxlatexgraphics.sty
File: sphinxlatexgraphics.sty 2021/01/27 graphics
\spx@image@maxheight=\dimen168
\spx@image@box=\box100
) (./sphinxlatexadmonitions.sty
File: sphinxlatexadmonitions.sty 2021/01/27 admonitions

(/usr/share/texlive/texmf-dist/tex/latex/framed/framed.sty
Package: framed 2011/10/22 v 0.96: framed or shaded text with page breaks
\OuterFrameSep=\skip61
\fb@frw=\dimen169
\fb@frh=\dimen170
\FrameRule=\dimen171
\FrameSep=\dimen172
))
(./sphinxlatexliterals.sty
File: sphinxlatexliterals.sty 2021/12/06 code-blocks and parsed literals

(/usr/share/texlive/texmf-dist/tex/latex/fancyvrb/fancyvrb.sty
Package: fancyvrb 2021/12/21 4.1b verbatim text (tvz,hv)
\FV@CodeLineNo=\count288
\FV@InFile=\read3
\FV@TabBox=\box101
\c@FancyVerbLine=\count289
\FV@StepNumber=\count290
\FV@OutFile=\write3
)
(/usr/share/texlive/texmf-dist/tex/latex/base/alltt.sty
Package: alltt 2021/01/29 v2.0g defines alltt environment
)
(/usr/share/texlive/texmf-dist/tex/latex/upquote/upquote.sty
Package: upquote 2012/04/19 v1.3 upright-quote and grave-accent glyphs in verba
tim
)
(/usr/share/texlive/texmf-dist/tex/latex/needspace/needspace.sty
Package: needspace 2010/09/12 v1.3d reserve vertical space
)
\sphinxcontinuationbox=\box102
\sphinxvisiblespacebox=\box103
\sphinxVerbatim@TitleBox=\box104
\sphinxVerbatim@ContentsBox=\box105
\spx@scratchbox=\box106
)
(./sphinxlatexshadowbox.sty
File: sphinxlatexshadowbox.sty 2021/01/27 sphinxShadowBox
) (./sphinxlatexcontainers.sty
File: sphinxlatexcontainers.sty 2021/05/03 containers
)
(./sphinxhighlight.sty
Package: sphinxhighlight 2016/05/29 stylesheet for highlighting with pygments
) (./sphinxlatextables.sty
File: sphinxlatextables.sty 2021/01/27 tables

(/usr/share/texlive/texmf-dist/tex/latex/tabulary/tabulary.sty
Package: tabulary 2014/06/11 v0.10 tabulary package (DPC)

(/usr/share/texlive/texmf-dist/tex/latex/tools/array.sty
Package: array 2021/10/04 v2.5f Tabular extension package (FMi)
\col@sep=\dimen173
\ar@mcellbox=\box107
\extrarowheight=\dimen174
\NC@list=\toks27
\extratabsurround=\skip62
\backup@length=\skip63
\ar@cellbox=\box108
)
\TY@count=\count291
\TY@linewidth=\dimen175
\tymin=\dimen176
\tymax=\dimen177
\TY@tablewidth=\dimen178
)
(/usr/share/texlive/texmf-dist/tex/latex/tools/longtable.sty
Package: longtable 2021-09-01 v4.17 Multi-page Table package (DPC)
\LTleft=\skip64
\LTright=\skip65
\LTpre=\skip66
\LTpost=\skip67
\LTchunksize=\count292
\LTcapwidth=\dimen179
\LT@head=\box109
\LT@firsthead=\box110
\LT@foot=\box111
\LT@lastfoot=\box112
\LT@gbox=\box113
\LT@cols=\count293
\LT@rows=\count294
\c@LT@tables=\count295
\c@LT@chunks=\count296
\LT@p@ftn=\toks28
)
(/usr/share/texlive/texmf-dist/tex/latex/varwidth/varwidth.sty
Package: varwidth 2009/03/30 ver 0.92;  Variable-width minipages
\@vwid@box=\box114
\sift@deathcycles=\count297
\@vwid@loff=\dimen180
\@vwid@roff=\dimen181
)
\sphinx@TY@tablewidth=\dimen182
)
(./sphinxlatexnumfig.sty
File: sphinxlatexnumfig.sty 2021/01/27 numbering
) (./sphinxlatexlists.sty
File: sphinxlatexlists.sty 2021/01/27 lists
)
\c@sphinxscope=\count298
\c@sphinxexplicit=\count299
 (./sphinxpackagefootnote.sty
Package: sphinxpackagefootnote 2021/02/04 v1.1d footnotehyper adapted to sphinx
 (Sphinx team)
\FNH@notes=\box115
\FNH@toks=\toks29
\FNH@width=\dimen183
) (./sphinxlatexindbibtoc.sty
File: sphinxlatexindbibtoc.sty 2021/01/27 index, bib., toc

(/usr/share/texlive/texmf-dist/tex/latex/base/makeidx.sty
Package: makeidx 2021/10/04 v1.0m Standard LaTeX package
))
(./sphinxlatexstylepage.sty
File: sphinxlatexstylepage.sty 2021/01/27 page styling

(/usr/share/texlive/texmf-dist/tex/latex/parskip/parskip.sty
Rollback for package 'parskip' requested -> version 'v1'.
         This corresponds to the release introduced on 2001-04-09.

(/usr/share/texlive/texmf-dist/tex/latex/parskip/parskip-2001-04-09.sty
Package: parskip 2001/04/09 non-zero parskip adjustments
))
(/usr/share/texlive/texmf-dist/tex/latex/fancyhdr/fancyhdr.sty
Package: fancyhdr 2021/01/28 v4.0.1 Extensive control of page headers and foote
rs
\f@nch@headwidth=\skip68
\f@nch@O@elh=\skip69
\f@nch@O@erh=\skip70
\f@nch@O@olh=\skip71
\f@nch@O@orh=\skip72
\f@nch@O@elf=\skip73
\f@nch@O@erf=\skip74
\f@nch@O@olf=\skip75
\f@nch@O@orf=\skip76
))
(./sphinxlatexstyleheadings.sty
File: sphinxlatexstyleheadings.sty 2021/01/27 headings

(/usr/share/texlive/texmf-dist/tex/latex/titlesec/titlesec.sty
Package: titlesec 2021/07/05 v2.14 Sectioning titles
\ttl@box=\box116
\beforetitleunit=\skip77
\aftertitleunit=\skip78
\ttl@plus=\dimen184
\ttl@minus=\dimen185
\ttl@toksa=\toks30
\titlewidth=\dimen186
\titlewidthlast=\dimen187
\titlewidthfirst=\dimen188
))
(./sphinxlatexstyletext.sty
File: sphinxlatexstyletext.sty 2021/12/06 text styling
) (./sphinxlatexobjects.sty
File: sphinxlatexobjects.sty 2022/01/13 documentation environments
\sphinxsignaturesep=\skip79
\py@argswidth=\skip80
\lineblockindentation=\skip81
\DUlineblockindent=\skip82
))
(/usr/share/texlive/texmf-dist/tex/latex/geometry/geometry.sty
Package: geometry 2020/01/02 v5.9 Page Geometry

(/usr/share/texlive/texmf-dist/tex/generic/iftex/ifvtex.sty
Package: ifvtex 2019/10/25 v1.7 ifvtex legacy package. Use iftex instead.

(/usr/share/texlive/texmf-dist/tex/generic/iftex/iftex.sty
Package: iftex 2020/03/06 v1.0d TeX engine tests
))
\Gm@cnth=\count300
\Gm@cntv=\count301
\c@Gm@tempcnt=\count302
\Gm@bindingoffset=\dimen189
\Gm@wd@mp=\dimen190
\Gm@odd@mp=\dimen191
\Gm@even@mp=\dimen192
\Gm@layoutwidth=\dimen193
\Gm@layoutheight=\dimen194
\Gm@layouthoffset=\dimen195
\Gm@layoutvoffset=\dimen196
\Gm@dimlist=\toks31
)
(/usr/share/texlive/texmf-dist/tex/latex/hyperref/hyperref.sty
Package: hyperref 2021-06-07 v7.00m Hypertext links for LaTeX

(/usr/share/texlive/texmf-dist/tex/generic/pdftexcmds/pdftexcmds.sty
Package: pdftexcmds 2020-06-27 v0.33 Utility functions of pdfTeX for LuaTeX (HO
)

(/usr/share/texlive/texmf-dist/tex/generic/infwarerr/infwarerr.sty
Package: infwarerr 2019/12/03 v1.5 Providing info/warning/error messages (HO)
)
Package pdftexcmds Info: \pdf@primitive is available.
Package pdftexcmds Info: \pdf@ifprimitive is available.
Package pdftexcmds Info: \pdfdraftmode found.
)
(/usr/share/texlive/texmf-dist/tex/generic/kvdefinekeys/kvdefinekeys.sty
Package: kvdefinekeys 2019-12-19 v1.6 Define keys (HO)
)
(/usr/share/texlive/texmf-dist/tex/generic/pdfescape/pdfescape.sty
Package: pdfescape 2019/12/09 v1.15 Implements pdfTeX's escape features (HO)
)
(/usr/share/texlive/texmf-dist/tex/latex/hycolor/hycolor.sty
Package: hycolor 2020-01-27 v1.10 Color options for hyperref/bookmark (HO)
)
(/usr/share/texlive/texmf-dist/tex/latex/letltxmacro/letltxmacro.sty
Package: letltxmacro 2019/12/03 v1.6 Let assignment for LaTeX macros (HO)
)
(/usr/share/texlive/texmf-dist/tex/latex/auxhook/auxhook.sty
Package: auxhook 2019-12-17 v1.6 Hooks for auxiliary files (HO)
)
\@linkdim=\dimen197
\Hy@linkcounter=\count303
\Hy@pagecounter=\count304

(/usr/share/texlive/texmf-dist/tex/latex/hyperref/pd1enc.def
File: pd1enc.def 2021-06-07 v7.00m Hyperref: PDFDocEncoding definition (HO)
Now handling font encoding PD1 ...
... no UTF-8 mapping file for font encoding PD1
)
(/usr/share/texlive/texmf-dist/tex/latex/hyperref/hyperref-langpatches.def
File: hyperref-langpatches.def 2021-06-07 v7.00m Hyperref: patches for babel la
nguages
)
(/usr/share/texlive/texmf-dist/tex/generic/intcalc/intcalc.sty
Package: intcalc 2019/12/15 v1.3 Expandable calculations with integers (HO)
)
(/usr/share/texlive/texmf-dist/tex/generic/etexcmds/etexcmds.sty
Package: etexcmds 2019/12/15 v1.7 Avoid name clashes with e-TeX commands (HO)
)
\Hy@SavedSpaceFactor=\count305

(/usr/share/texlive/texmf-dist/tex/latex/hyperref/puenc.def
File: puenc.def 2021-06-07 v7.00m Hyperref: PDF Unicode definition (HO)
Now handling font encoding PU ...
... no UTF-8 mapping file for font encoding PU
)
Package hyperref Info: Option `unicode' set `true' on input line 4073.
Package hyperref Info: Option `colorlinks' set `true' on input line 4073.
Package hyperref Info: Option `breaklinks' set `true' on input line 4073.
Package hyperref Info: Hyper figures OFF on input line 4192.
Package hyperref Info: Link nesting OFF on input line 4197.
Package hyperref Info: Hyper index ON on input line 4200.
Package hyperref Info: Plain pages OFF on input line 4207.
Package hyperref Info: Backreferencing OFF on input line 4212.
Package hyperref Info: Implicit mode ON; LaTeX internals redefined.
Package hyperref Info: Bookmarks ON on input line 4445.
\c@Hy@tempcnt=\count306

(/usr/share/texlive/texmf-dist/tex/latex/url/url.sty
\Urlmuskip=\muskip17
Package: url 2013/09/16  ver 3.4  Verb mode for urls, etc.
)
LaTeX Info: Redefining \url on input line 4804.
\XeTeXLinkMargin=\dimen198

(/usr/share/texlive/texmf-dist/tex/generic/bitset/bitset.sty
Package: bitset 2019/12/09 v1.3 Handle bit-vector datatype (HO)

(/usr/share/texlive/texmf-dist/tex/generic/bigintcalc/bigintcalc.sty
Package: bigintcalc 2019/12/15 v1.5 Expandable calculations on big integers (HO
)
))
\Fld@menulength=\count307
\Field@Width=\dimen199
\Fld@charsize=\dimen256
Package hyperref Info: Hyper figures OFF on input line 6076.
Package hyperref Info: Link nesting OFF on input line 6081.
Package hyperref Info: Hyper index ON on input line 6084.
Package hyperref Info: backreferencing OFF on input line 6091.
Package hyperref Info: Link coloring ON on input line 6094.
Package hyperref Info: Link coloring with OCG OFF on input line 6101.
Package hyperref Info: PDF/A mode OFF on input line 6106.
LaTeX Info: Redefining \ref on input line 6146.
LaTeX Info: Redefining \pageref on input line 6150.

(/usr/share/texlive/texmf-dist/tex/latex/base/atbegshi-ltx.sty
Package: atbegshi-ltx 2021/01/10 v1.0c Emulation of the original atbegshi
package with kernel methods
)
\Hy@abspage=\count308
\c@Item=\count309
\c@Hfootnote=\count310
)
Package hyperref Info: Driver (autodetected): hpdftex.

(/usr/share/texlive/texmf-dist/tex/latex/hyperref/hpdftex.def
File: hpdftex.def 2021-06-07 v7.00m Hyperref driver for pdfTeX

(/usr/share/texlive/texmf-dist/tex/latex/base/atveryend-ltx.sty
Package: atveryend-ltx 2020/08/19 v1.0a Emulation of the original atveryend pac
kage
with kernel methods
)
\Fld@listcount=\count311
\c@bookmark@seq@number=\count312

(/usr/share/texlive/texmf-dist/tex/latex/rerunfilecheck/rerunfilecheck.sty
Package: rerunfilecheck 2019/12/05 v1.9 Rerun checks for auxiliary files (HO)

(/usr/share/texlive/texmf-dist/tex/generic/uniquecounter/uniquecounter.sty
Package: uniquecounter 2019/12/15 v1.4 Provide unlimited unique counter (HO)
)
Package uniquecounter Info: New unique counter `rerunfilecheck' on input line 2
86.
)
\Hy@SectionHShift=\skip83
)
(/usr/share/texlive/texmf-dist/tex/latex/oberdiek/hypcap.sty
Package: hypcap 2016/05/16 v1.12 Adjusting the anchors of captions (HO)
)
(./sphinxmessages.sty
Package: sphinxmessages 2019/01/04 v2.0 Localized LaTeX macros (Sphinx team)
)
\@indexfile=\write4
\openout4 = `index.idx'.


Writing index file index.idx
LaTeX Font Info:    Trying to load font information for T1+qtm on input line 70
.
(/usr/share/texmf/tex/latex/tex-gyre/t1qtm.fd
File: t1qtm.fd 2009/09/25 v1.2 font definition file for T1/qtm
)
(/usr/share/texlive/texmf-dist/tex/latex/l3backend/l3backend-pdftex.def
File: l3backend-pdftex.def 2022-01-12 L3 backend support: PDF output (pdfTeX)
\l__color_backend_stack_int=\count313
\l__pdf_internal_box=\box117
)
(./index.aux

LaTeX Warning: Label `docs/advanced/tmap:tmap-project-specifications' multiply 
defined.


LaTeX Warning: Label `docs/advanced/tmap:layer' multiply defined.


LaTeX Warning: Label `docs/advanced/tmap:layerfilter' multiply defined.


LaTeX Warning: Label `docs/advanced/tmap:filter' multiply defined.


LaTeX Warning: Label `docs/advanced/tmap:colorscale' multiply defined.


LaTeX Warning: Label `docs/advanced/tmap:shape' multiply defined.


LaTeX Warning: Label `docs/advanced/tmap:markerfile' multiply defined.


LaTeX Warning: Label `docs/advanced/tmap:expectedheader' multiply defined.


LaTeX Warning: Label `docs/advanced/tmap:expectedradios' multiply defined.


LaTeX Warning: Label `docs/advanced/tmap:regionfile' multiply defined.


LaTeX Warning: Label `docs/advanced/tmap:setting' multiply defined.

)
\openout1 = `index.aux'.

LaTeX Font Info:    Checking defaults for OML/cmm/m/it on input line 70.
LaTeX Font Info:    ... okay on input line 70.
LaTeX Font Info:    Checking defaults for OMS/cmsy/m/n on input line 70.
LaTeX Font Info:    ... okay on input line 70.
LaTeX Font Info:    Checking defaults for OT1/cmr/m/n on input line 70.
LaTeX Font Info:    ... okay on input line 70.
LaTeX Font Info:    Checking defaults for T1/cmr/m/n on input line 70.
LaTeX Font Info:    ... okay on input line 70.
LaTeX Font Info:    Checking defaults for TS1/cmr/m/n on input line 70.
LaTeX Font Info:    ... okay on input line 70.
LaTeX Font Info:    Checking defaults for OMX/cmex/m/n on input line 70.
LaTeX Font Info:    ... okay on input line 70.
LaTeX Font Info:    Checking defaults for U/cmr/m/n on input line 70.
LaTeX Font Info:    ... okay on input line 70.
LaTeX Font Info:    Checking defaults for PD1/pdf/m/n on input line 70.
LaTeX Font Info:    ... okay on input line 70.
LaTeX Font Info:    Checking defaults for PU/pdf/m/n on input line 70.
LaTeX Font Info:    ... okay on input line 70.
 (/usr/share/texlive/texmf-dist/tex/context/base/mkii/supp-pdf.mkii
[Loading MPS to PDF converter (version 2006.09.02).]
\scratchcounter=\count314
\scratchdimen=\dimen257
\scratchbox=\box118
\nofMPsegments=\count315
\nofMParguments=\count316
\everyMPshowfont=\toks32
\MPscratchCnt=\count317
\MPscratchDim=\dimen258
\MPnumerator=\count318
\makeMPintoPDFobject=\count319
\everyMPtoPDFconversion=\toks33
) (/usr/share/texlive/texmf-dist/tex/latex/epstopdf-pkg/epstopdf-base.sty
Package: epstopdf-base 2020-01-24 v2.11 Base part for package epstopdf
Package epstopdf-base Info: Redefining graphics rule for `.eps' on input line 4
85.

(/usr/share/texlive/texmf-dist/tex/latex/latexconfig/epstopdf-sys.cfg
File: epstopdf-sys.cfg 2010/07/13 v1.3 Configuration of (r)epstopdf for TeX Liv
e
))
\c@literalblock=\count320

*geometry* driver: auto-detecting
*geometry* detected driver: pdftex
*geometry* verbose mode - [ preamble ] result:
* driver: pdftex
* paper: letterpaper
* layout: <same size as paper>
* layoutoffset:(h,v)=(0.0pt,0.0pt)
* modes: 
* h-part:(L,W,R)=(72.26999pt, 469.75502pt, 72.26999pt)
* v-part:(T,H,B)=(72.26999pt, 650.43001pt, 72.26999pt)
* \paperwidth=614.295pt
* \paperheight=794.96999pt
* \textwidth=469.75502pt
* \textheight=650.43001pt
* \oddsidemargin=0.0pt
* \evensidemargin=0.0pt
* \topmargin=-37.0pt
* \headheight=12.0pt
* \headsep=25.0pt
* \topskip=10.0pt
* \footskip=30.0pt
* \marginparwidth=36.135pt
* \marginparsep=11.0pt
* \columnsep=10.0pt
* \skip\footins=9.0pt plus 4.0pt minus 2.0pt
* \hoffset=0.0pt
* \voffset=0.0pt
* \mag=1000
* \@twocolumnfalse
* \@twosidefalse
* \@mparswitchfalse
* \@reversemarginfalse
* (1in=72.27pt=25.4mm, 1cm=28.453pt)

Package hyperref Info: Link coloring ON on input line 70.
(/usr/share/texlive/texmf-dist/tex/latex/hyperref/nameref.sty
Package: nameref 2021-04-02 v2.47 Cross-referencing by name of section

(/usr/share/texlive/texmf-dist/tex/latex/refcount/refcount.sty
Package: refcount 2019/12/15 v3.6 Data extraction from label references (HO)
)
(/usr/share/texlive/texmf-dist/tex/generic/gettitlestring/gettitlestring.sty
Package: gettitlestring 2019/12/15 v1.6 Cleanup title references (HO)
)
\c@section@level=\count321
)
LaTeX Info: Redefining \ref on input line 70.
LaTeX Info: Redefining \pageref on input line 70.
LaTeX Info: Redefining \nameref on input line 70.

(./index.out) (./index.out)
\@outlinefile=\write5
\openout5 = `index.out'.

Package hyperref Info: Option `pageanchor' set `false' on input line 73.
LaTeX Font Info:    Trying to load font information for T1+qhv on input line 73
.
 (/usr/share/texmf/tex/latex/tex-gyre/t1qhv.fd
File: t1qhv.fd 2009/09/25 v1.2 font definition file for T1/qhv
)<<ot1.cmap>><<oml.cmap>><<oms.cmap>><<omx.cmap>>
LaTeX Font Info:    Trying to load font information for U+msa on input line 73.


(/usr/share/texlive/texmf-dist/tex/latex/amsfonts/umsa.fd
File: umsa.fd 2013/01/14 v3.01 AMS symbols A
)
LaTeX Font Info:    Trying to load font information for U+msb on input line 73.


(/usr/share/texlive/texmf-dist/tex/latex/amsfonts/umsb.fd
File: umsb.fd 2013/01/14 v3.01 AMS symbols B
) [1

{/var/lib/texmf/fonts/map/pdftex/updmap/pdftex.map}] (./index.toc)
\tf@toc=\write6
\openout6 = `index.toc'.

 [1



] [1

]
Chapter 1.
[2

]
LaTeX Font Info:    Trying to load font information for T1+txtt on input line 1
36.
 (/usr/share/texlive/texmf-dist/tex/latex/txfonts/t1txtt.fd
File: t1txtt.fd 2000/12/15 v3.1
)
LaTeX Font Info:    Trying to load font information for TS1+qtm on input line 1
94.

(/usr/share/texmf/tex/latex/tex-gyre/ts1qtm.fd
File: ts1qtm.fd 2009/09/25 v1.2 font definition file for TS1/qtm
) [3] [4] [5] [6] [7]
Chapter 2.
<image_layers.png, id=484, 836.3747pt x 482.55281pt>
File: image_layers.png Graphic file (type png)
<use image_layers.png>
Package pdftex.def Info: image_layers.png  used on input line 657.
(pdftex.def)             Requested size: 469.77046pt x 271.03767pt.

Underfull \hbox (badness 5008) in paragraph at lines 655--658
\T1/qtm/m/n/10 You can load the im-ages when you se-lect the Im-age layer tab a
s you can see in the fig-ure be-low:
 []

[8

]
<image_layers_many.png, id=491, 904.1278pt x 484.05844pt>
File: image_layers_many.png Graphic file (type png)
<use image_layers_many.png>
Package pdftex.def Info: image_layers_many.png  used on input line 661.
(pdftex.def)             Requested size: 469.74908pt x 251.50502pt.

Underfull \hbox (badness 6741) in paragraph at lines 659--662
[]\T1/qtm/m/n/10 Then click the but-ton Add im-age layer and se-lect the de-sir
ed im-age from your com-puter. Sub-se-
 []

<drag_drop_image.png, id=492, 1111.15125pt x 945.5325pt>
File: drag_drop_image.png Graphic file (type png)
<use drag_drop_image.png>
Package pdftex.def Info: drag_drop_image.png  used on input line 665.
(pdftex.def)             Requested size: 469.74916pt x 399.74678pt.

Underfull \hbox (badness 10000) in paragraph at lines 663--666
[]\T1/qtm/m/n/10 You can also drag and drop the im-age from file ex-plorer into
 Tis-sU-Umaps.
 []

[9 <./image_layers.png> <./image_layers_many.png>]
<server_open_menu1.png, id=500, 277.035pt x 157.33781pt>
File: server_open_menu1.png Graphic file (type png)
<use server_open_menu1.png>
Package pdftex.def Info: server_open_menu1.png  used on input line 681.
(pdftex.def)             Requested size: 277.03432pt x 157.33742pt.
 [10 <./drag_drop_image.png>]
<server_open_menu2.png, id=505, 791.95876pt x 408.02437pt>
File: server_open_menu2.png Graphic file (type png)
<use server_open_menu2.png>
Package pdftex.def Info: server_open_menu2.png  used on input line 684.
(pdftex.def)             Requested size: 469.76515pt x 242.02106pt.
<Filters.png, id=506, 374.90062pt x 431.36156pt>
File: Filters.png Graphic file (type png)
<use Filters.png>
Package pdftex.def Info: Filters.png  used on input line 693.
(pdftex.def)             Requested size: 374.8997pt x 431.3605pt.
[11 <./server_open_menu1.png> <./server_open_menu2.png>] [12 <./Filters.png>]
<markers.png, id=519, 902.6222pt x 512.66531pt>
File: markers.png Graphic file (type png)
<use markers.png>
Package pdftex.def Info: markers.png  used on input line 714.
(pdftex.def)             Requested size: 469.76566pt x 266.80652pt.

Underfull \hbox (badness 10000) in paragraph at lines 712--715
\T1/qtm/m/n/10 You can load the mark-ers when you se-lect the \T1/qtm/m/it/10 M
ark-ers \T1/qtm/m/n/10 tab and click the but-ton + as you can
 []


Underfull \hbox (badness 10000) in paragraph at lines 712--715
\T1/qtm/m/n/10 see in the fig-ure be-low. You can click the plus sev-eral times
 to load var-i-ous marker files.
 []

<load_markers.png, id=520, 362.10281pt x 182.18062pt>
File: load_markers.png Graphic file (type png)
<use load_markers.png>
Package pdftex.def Info: load_markers.png  used on input line 732.
(pdftex.def)             Requested size: 362.10191pt x 182.18016pt.
[13 <./markers.png> <./load_markers.png>]
<Tab_name.png, id=526, 361.35pt x 182.18062pt>
File: Tab_name.png Graphic file (type png)
<use Tab_name.png>
Package pdftex.def Info: Tab_name.png  used on input line 738.
(pdftex.def)             Requested size: 361.34912pt x 182.18016pt.
<XY_coordinates.png, id=527, 359.84438pt x 248.42813pt>
File: XY_coordinates.png Graphic file (type png)
<use XY_coordinates.png>
Package pdftex.def Info: XY_coordinates.png  used on input line 744.
(pdftex.def)             Requested size: 359.84349pt x 248.42752pt.
<group_by.png, id=528, 356.0803pt x 286.06876pt>
File: group_by.png Graphic file (type png)
<use group_by.png>
Package pdftex.def Info: group_by.png  used on input line 753.
(pdftex.def)             Requested size: 356.07944pt x 286.06805pt.
 [14 <./Tab_name.png> <./XY_coordinates.png>]
<group_by2.png, id=535, 351.56343pt x 290.58563pt>
File: group_by2.png Graphic file (type png)
<use group_by2.png>
Package pdftex.def Info: group_by2.png  used on input line 759.
(pdftex.def)             Requested size: 351.56256pt x 290.58492pt.
 [15 <./group_by.png>]
<Color_options.png, id=541, 350.05782pt x 283.0575pt>
File: Color_options.png Graphic file (type png)
<use Color_options.png>
Package pdftex.def Info: Color_options.png  used on input line 779.
(pdftex.def)             Requested size: 350.05695pt x 283.0568pt.
 [16 <./group_by2.png>]
<Color_options2.png, id=547, 346.29375pt x 305.64188pt>
File: Color_options2.png Graphic file (type png)
<use Color_options2.png>
Package pdftex.def Info: Color_options2.png  used on input line 785.
(pdftex.def)             Requested size: 346.2929pt x 305.64111pt.
 [17 <./Color_options.png> <./Color_options2.png>]
<Advanced_size.png, id=555, 332.74312pt x 103.13531pt>
File: Advanced_size.png Graphic file (type png)
<use Advanced_size.png>
Package pdftex.def Info: Advanced_size.png  used on input line 794.
(pdftex.def)             Requested size: 332.7423pt x 103.13504pt.
<Advanced_size_ex.png, id=556, 992.20688pt x 627.84563pt>
File: Advanced_size_ex.png Graphic file (type png)
<use Advanced_size_ex.png>
Package pdftex.def Info: Advanced_size_ex.png  used on input line 800.
(pdftex.def)             Requested size: 469.75891pt x 297.24301pt.
<Advanced_pie.png, id=557, 335.00156pt x 106.14656pt>
File: Advanced_pie.png Graphic file (type png)
<use Advanced_pie.png>
Package pdftex.def Info: Advanced_pie.png  used on input line 806.
(pdftex.def)             Requested size: 335.00073pt x 106.1463pt.
 [18 <./Advanced_size.png> <./Advanced_size_ex.png>]
<Advanced_pie_ex.png, id=564, 1002.74625pt x 636.87938pt>
File: Advanced_pie_ex.png Graphic file (type png)
<use Advanced_pie_ex.png>
Package pdftex.def Info: Advanced_pie_ex.png  used on input line 812.
(pdftex.def)             Requested size: 469.76074pt x 298.35184pt.
<Advanced_shape.png, id=565, 340.27126pt x 100.12407pt>
File: Advanced_shape.png Graphic file (type png)
<use Advanced_shape.png>
Package pdftex.def Info: Advanced_shape.png  used on input line 818.
(pdftex.def)             Requested size: 340.27042pt x 100.12381pt.
<Advanced_shape_ex.png, id=566, 990.70125pt x 634.62094pt>
File: Advanced_shape_ex.png Graphic file (type png)
<use Advanced_shape_ex.png>
Package pdftex.def Info: Advanced_shape_ex.png  used on input line 824.
(pdftex.def)             Requested size: 469.75656pt x 300.92517pt.

[19 <./Advanced_pie.png> <./Advanced_pie_ex.png> <./Advanced_shape.png>]
<Advanced_shape2.png, id=574, 338.76563pt x 93.34875pt>
File: Advanced_shape2.png Graphic file (type png)
<use Advanced_shape2.png>
Package pdftex.def Info: Advanced_shape2.png  used on input line 830.
(pdftex.def)             Requested size: 338.76479pt x 93.34851pt.
<Advanced_shape2_ex.png, id=575, 988.44281pt x 595.47469pt>
File: Advanced_shape2_ex.png Graphic file (type png)
<use Advanced_shape2_ex.png>
Package pdftex.def Info: Advanced_shape2_ex.png  used on input line 836.
(pdftex.def)             Requested size: 469.74146pt x 282.99878pt.

[20 <./Advanced_shape_ex.png> <./Advanced_shape2.png>]
<Advanced_shape3.png, id=582, 336.50719pt x 97.86563pt>
File: Advanced_shape3.png Graphic file (type png)
<use Advanced_shape3.png>
Package pdftex.def Info: Advanced_shape3.png  used on input line 842.
(pdftex.def)             Requested size: 336.50635pt x 97.86537pt.
<Advanced_shape3_ex.png, id=583, 989.94844pt x 594.72188pt>
File: Advanced_shape3_ex.png Graphic file (type png)
<use Advanced_shape3_ex.png>
Package pdftex.def Info: Advanced_shape3_ex.png  used on input line 848.
(pdftex.def)             Requested size: 469.74702pt x 282.20543pt.
 [21 <./Advanced_shape2_ex.png> <./Advanced_shape3.png>]
<Advanced_shape4.png, id=590, 441.90094pt x 106.14656pt>
File: Advanced_shape4.png Graphic file (type png)
<use Advanced_shape4.png>
Package pdftex.def Info: Advanced_shape4.png  used on input line 854.
(pdftex.def)             Requested size: 441.89986pt x 106.1463pt.
<Advanced_shape4_ex.png, id=591, 1176.64594pt x 475.7775pt>
File: Advanced_shape4_ex.png Graphic file (type png)
<use Advanced_shape4_ex.png>
Package pdftex.def Info: Advanced_shape4_ex.png  used on input line 860.
(pdftex.def)             Requested size: 469.75233pt x 189.94463pt.
 [22 <./Advanced_shape3_ex.png> <./Advanced_shape4.png> <./Advanced_shape4_ex.p
ng>]
<Advanced_opacity.png, id=599, 329.73187pt x 79.04532pt>
File: Advanced_opacity.png Graphic file (type png)
<use Advanced_opacity.png>
Package pdftex.def Info: Advanced_opacity.png  used on input line 866.
(pdftex.def)             Requested size: 329.73105pt x 79.0451pt.
<Advanced_opacity_ex.png, id=600, 989.94844pt x 632.3625pt>
File: Advanced_opacity_ex.png Graphic file (type png)
<use Advanced_opacity_ex.png>
Package pdftex.def Info: Advanced_opacity_ex.png  used on input line 872.
(pdftex.def)             Requested size: 469.74702pt x 300.07619pt.
<Advanced_opacity_ex2.png, id=601, 991.45406pt x 633.86812pt>
File: Advanced_opacity_ex2.png Graphic file (type png)
<use Advanced_opacity_ex2.png>
Package pdftex.def Info: Advanced_opacity_ex2.png  used on input line 878.
(pdftex.def)             Requested size: 469.75043pt x 300.33606pt.
 [23 <./Advanced_opacity.png> <./Advanced_opacity_ex.png>]
<Advanced_tip.png, id=609, 253.69781pt x 63.98906pt>
File: Advanced_tip.png Graphic file (type png)
<use Advanced_tip.png>
Package pdftex.def Info: Advanced_tip.png  used on input line 884.
(pdftex.def)             Requested size: 253.69719pt x 63.98889pt.
<Advanced_tip_ex.png, id=610, 993.7125pt x 632.3625pt>
File: Advanced_tip_ex.png Graphic file (type png)
<use Advanced_tip_ex.png>
Package pdftex.def Info: Advanced_tip_ex.png  used on input line 890.
(pdftex.def)             Requested size: 469.75908pt x 298.93759pt.
 [24 <./Advanced_opacity_ex2.png> <./Advanced_tip.png>]
<Advanced_tip2.png, id=617, 222.8325pt x 63.98906pt>
File: Advanced_tip2.png Graphic file (type png)
<use Advanced_tip2.png>
Package pdftex.def Info: Advanced_tip2.png  used on input line 896.
(pdftex.def)             Requested size: 222.83195pt x 63.98889pt.
<Advanced_tip2_ex.png, id=618, 989.94844pt x 624.83438pt>
File: Advanced_tip2_ex.png Graphic file (type png)
<use Advanced_tip2_ex.png>
Package pdftex.def Info: Advanced_tip2_ex.png  used on input line 902.
(pdftex.def)             Requested size: 469.74702pt x 296.50385pt.
 [25 <./Advanced_tip_ex.png> <./Advanced_tip2.png>]
<Advanced_gen_button.png, id=625, 164.86594pt x 67.75313pt>
File: Advanced_gen_button.png Graphic file (type png)
<use Advanced_gen_button.png>
Package pdftex.def Info: Advanced_gen_button.png  used on input line 908.
(pdftex.def)             Requested size: 164.86551pt x 67.75294pt.
<Advanced_gen_win.png, id=626, 372.64218pt x 313.17pt>
File: Advanced_gen_win.png Graphic file (type png)
<use Advanced_gen_win.png>
Package pdftex.def Info: Advanced_gen_win.png  used on input line 914.
(pdftex.def)             Requested size: 372.64127pt x 313.16922pt.
 [26 <./Advanced_tip2_ex.png> <./Advanced_gen_button.png>]
<Advanced_gen_ex.png, id=633, 989.19562pt x 546.54187pt>
File: Advanced_gen_ex.png Graphic file (type png)
<use Advanced_gen_ex.png>
Package pdftex.def Info: Advanced_gen_ex.png  used on input line 920.
(pdftex.def)             Requested size: 469.75204pt x 259.54337pt.
 [27 <./Advanced_gen_win.png> <./Advanced_gen_ex.png>]
<Table_general.png, id=640, 454.69875pt x 301.125pt>
File: Table_general.png Graphic file (type png)
<use Table_general.png>
Package pdftex.def Info: Table_general.png  used on input line 929.
(pdftex.def)             Requested size: 454.69763pt x 301.12425pt.
<Table_check.png, id=641, 1005.7575pt x 500.62032pt>
File: Table_check.png Graphic file (type png)
<use Table_check.png>
Package pdftex.def Info: Table_check.png  used on input line 935.
(pdftex.def)             Requested size: 469.7442pt x 233.82492pt.

[28 <./Table_general.png>]
<Table_Shape.png, id=647, 459.21562pt x 305.64188pt>
File: Table_Shape.png Graphic file (type png)
<use Table_Shape.png>
Package pdftex.def Info: Table_Shape.png  used on input line 941.
(pdftex.def)             Requested size: 459.2145pt x 305.64111pt.
<Table_Color.png, id=648, 457.71pt x 414.04688pt>
File: Table_Color.png Graphic file (type png)
<use Table_Color.png>
Package pdftex.def Info: Table_Color.png  used on input line 947.
(pdftex.def)             Requested size: 457.7089pt x 414.04585pt.
 [29 <./Table_check.png> <./Table_Shape.png>]
<Table_eye.png, id=656, 1025.33063pt x 521.69907pt>
File: Table_eye.png Graphic file (type png)
<use Table_eye.png>
Package pdftex.def Info: Table_eye.png  used on input line 953.
(pdftex.def)             Requested size: 469.74908pt x 239.01329pt.

[30 <./Table_Color.png>]
<Regions_Draw.png, id=663, 479.54156pt x 107.65219pt>
File: Regions_Draw.png Graphic file (type png)
<use Regions_Draw.png>
Package pdftex.def Info: Regions_Draw.png  used on input line 1012.
(pdftex.def)             Requested size: 469.75728pt x 105.45735pt.
 [31 <./Table_eye.png>]
<Regions_Draw_ex1.png, id=669, 1173.63469pt x 643.6547pt>
File: Regions_Draw_ex1.png Graphic file (type png)
<use Regions_Draw_ex1.png>
Package pdftex.def Info: Regions_Draw_ex1.png  used on input line 1018.
(pdftex.def)             Requested size: 469.75pt x 257.6341pt.
<Regions_Draw_ex2.png, id=670, 1158.57843pt x 642.90187pt>
File: Regions_Draw_ex2.png Graphic file (type png)
<use Regions_Draw_ex2.png>
Package pdftex.def Info: Regions_Draw_ex2.png  used on input line 1024.
(pdftex.def)             Requested size: 469.75206pt x 260.67793pt.
 [32 <./Regions_Draw.png> <./Regions_Draw_ex1.png>]
<Regions_Anlayze_ex.png, id=677, 1050.92625pt x 642.90187pt>
File: Regions_Anlayze_ex.png Graphic file (type png)
<use Regions_Anlayze_ex.png>
Package pdftex.def Info: Regions_Anlayze_ex.png  used on input line 1033.
(pdftex.def)             Requested size: 469.7534pt x 287.38043pt.
 [33 <./Regions_Draw_ex2.png>]
<Regions_Import.png, id=683, 453.19313pt x 115.93312pt>
File: Regions_Import.png Graphic file (type png)
<use Regions_Import.png>
Package pdftex.def Info: Regions_Import.png  used on input line 1042.
(pdftex.def)             Requested size: 453.19202pt x 115.93283pt.
<Regions_Import_ex.png, id=684, 863.47594pt x 615.0478pt>
File: Regions_Import_ex.png Graphic file (type png)
<use Regions_Import_ex.png>
Package pdftex.def Info: Regions_Import_ex.png  used on input line 1048.
(pdftex.def)             Requested size: 469.74841pt x 334.60786pt.
 [34 <./Regions_Anlayze_ex.png> <./Regions_Import.png>]
<Regions_Export.png, id=692, 357.58594pt x 197.23688pt>
File: Regions_Export.png Graphic file (type png)
<use Regions_Export.png>
Package pdftex.def Info: Regions_Export.png  used on input line 1057.
(pdftex.def)             Requested size: 357.58505pt x 197.23637pt.
<Regions_Export_ex.png, id=693, 506.6428pt x 242.40562pt>
File: Regions_Export_ex.png Graphic file (type png)
<use Regions_Export_ex.png>
Package pdftex.def Info: Regions_Export_ex.png  used on input line 1063.
(pdftex.def)             Requested size: 469.76595pt x 224.76909pt.
 [35 <./Regions_Import_ex.png> <./Regions_Export.png>]
<Project_Save.png, id=701, 1445.4pt x 779.91376pt>
File: Project_Save.png Graphic file (type png)
<use Project_Save.png>
Package pdftex.def Info: Project_Save.png  used on input line 1077.
(pdftex.def)             Requested size: 469.74944pt x 253.46896pt.
<Project_Save_GenButton.png, id=702, 373.395pt x 331.2375pt>
File: Project_Save_GenButton.png Graphic file (type png)
<use Project_Save_GenButton.png>
Package pdftex.def Info: Project_Save_GenButton.png  used on input line 1083.
(pdftex.def)             Requested size: 373.39409pt x 331.23668pt.
[36 <./Regions_Export_ex.png> <./Project_Save.png>]
<Project_Save_dic.png, id=708, 1435.61343pt x 782.17218pt>
File: Project_Save_dic.png Graphic file (type png)
<use Project_Save_dic.png>
Package pdftex.def Info: Project_Save_dic.png  used on input line 1089.
(pdftex.def)             Requested size: 469.74516pt x 255.93352pt.
 [37 <./Project_Save_GenButton.png> <./Project_Save_dic.png>]
<Project_load_open.png, id=715, 1445.4pt x 1583.9175pt>
File: Project_load_open.png Graphic file (type png)
<use Project_load_open.png>
Package pdftex.def Info: Project_load_open.png  used on input line 1098.
(pdftex.def)             Requested size: 469.74944pt x 514.76709pt.
<Project_load_directly.png, id=716, 687.31781pt x 348.55219pt>
File: Project_load_directly.png Graphic file (type png)
<use Project_load_directly.png>
Package pdftex.def Info: Project_load_directly.png  used on input line 1104.
(pdftex.def)             Requested size: 469.75061pt x 238.21962pt.
 [38 <./Project_load_open.png>]
<Project_load_result.png, id=722, 1443.89438pt x 779.91376pt>
File: Project_load_result.png Graphic file (type png)
<use Project_load_result.png>
Package pdftex.def Info: Project_load_result.png  used on input line 1110.
(pdftex.def)             Requested size: 469.74481pt x 253.73077pt.
 [39 <./Project_load_directly.png> <./Project_load_result.png>]
<Lung_Cell_Atlas.png, id=730, 897.3525pt x 1008.76875pt>
File: Lung_Cell_Atlas.png Graphic file (type png)
<use Lung_Cell_Atlas.png>
Package pdftex.def Info: Lung_Cell_Atlas.png  used on input line 1131.
(pdftex.def)             Requested size: 469.74786pt x 528.08768pt.
 [40] [41 <./Lung_Cell_Atlas.png>]
<de_novo.png, id=743, 822.07124pt x 671.50874pt>
File: de_novo.png Graphic file (type png)
<use de_novo.png>
Package pdftex.def Info: de_novo.png  used on input line 1155.
(pdftex.def)             Requested size: 469.75204pt x 383.71687pt.
 [42 <./de_novo.png>]
<automated.png, id=751, 96.36pt x 66.5298pt>
File: automated.png Graphic file (type png)
<use automated.png>
Package pdftex.def Info: automated.png  used on input line 1171.
(pdftex.def)             Requested size: 96.35974pt x 66.52963pt.
<spage2vec.png, id=758, 533.71394pt x 548.5293pt>
File: spage2vec.png Graphic file (type png)
<use spage2vec.png>
Package pdftex.def Info: spage2vec.png  used on input line 1193.
(pdftex.def)             Requested size: 469.7756pt x 482.81609pt.
 [43 <./automated.png>] [44 <./spage2vec.png>]
<prostate.png, id=775, 856.3995pt x 646.21425pt>
File: prostate.png Graphic file (type png)
<use prostate.png>
Package pdftex.def Info: prostate.png  used on input line 1222.
(pdftex.def)             Requested size: 469.7667pt x 354.47232pt.
 [45 <./prostate.png>]
<Add_plugin1.png, id=785, 769.37437pt x 623.32875pt>
File: Add_plugin1.png Graphic file (type png)
<use Add_plugin1.png>
Package pdftex.def Info: Add_plugin1.png  used on input line 1253.
(pdftex.def)             Requested size: 469.7638pt x 380.5914pt.
<Add_plugin2.png, id=786, 770.88pt x 621.07031pt>
File: Add_plugin2.png Graphic file (type png)
<use Add_plugin2.png>
Package pdftex.def Info: Add_plugin2.png  used on input line 1259.
(pdftex.def)             Requested size: 469.75385pt x 378.46379pt.
 [46 <./Add_plugin1.png>]
<Add_plugin3.png, id=791, 768.62157pt x 623.32875pt>
File: Add_plugin3.png Graphic file (type png)
<use Add_plugin3.png>
Package pdftex.def Info: Add_plugin3.png  used on input line 1265.
(pdftex.def)             Requested size: 469.76155pt x 380.96234pt.
 [47 <./Add_plugin2.png>]
<Add_plugin4.png, id=798, 769.37437pt x 624.83438pt>
File: Add_plugin4.png Graphic file (type png)
<use Add_plugin4.png>
Package pdftex.def Info: Add_plugin4.png  used on input line 1271.
(pdftex.def)             Requested size: 469.7638pt x 381.51071pt.
 [48 <./Add_plugin3.png>]
<Add_plugin5.png, id=804, 770.88pt x 624.08156pt>
File: Add_plugin5.png Graphic file (type png)
<use Add_plugin5.png>
Package pdftex.def Info: Add_plugin5.png  used on input line 1277.
(pdftex.def)             Requested size: 469.75385pt x 380.30829pt.
 [49 <./Add_plugin4.png>]
<plugin_container.png, id=810, 479.54156pt x 170.13562pt>
File: plugin_container.png Graphic file (type png)
<use plugin_container.png>
Package pdftex.def Info: plugin_container.png  used on input line 1292.
(pdftex.def)             Requested size: 469.75728pt x 166.67204pt.
 [50 <./Add_plugin5.png>]
LaTeX Font Info:    Font shape `T1/txtt/b/n' in size <10> not available
(Font)              Font shape `T1/txtt/bx/n' tried instead on input line 1298.

LaTeX Font Info:    Font shape `T1/txtt/m/it' in size <10> not available
(Font)              Font shape `T1/txtt/m/sl' tried instead on input line 1303.

 [51 <./plugin_container.png>] [52]
Chapter 3.
[53

] [54]
Chapter 4.
[55

] [56] [57] [58] [59]
Underfull \hbox (badness 10000) in paragraph at lines 2901--2901
[]\T1/qtm/m/n/10 Tis-sU-Umaps sup-ports most fil-ters avail-able in OpenSead-ra
gon via the [][]$https : / / github . com / usnistgov /
 []

[60]
LaTeX Font Info:    Trying to load font information for TS1+txtt on input line 
1.
 (/usr/share/texlive/texmf-dist/tex/latex/txfonts/ts1txtt.fd
File: ts1txtt.fd 2000/12/15 v3.1
) [61] [62]
[63] [64] [65] [66]
Chapter 5.
(./index.ind [67

]
Underfull \hbox (badness 6461) in paragraph at lines 21--23
[]\T1/txtt/m/n/10 screenshot() \T1/qtm/m/n/10 (\T1/qtm/m/it/10 tis-su-umaps.jup
yter.TissUUmapsViewer
 []

[68



]) (./index.aux)

LaTeX Warning: There were multiply-defined labels.

Package rerunfilecheck Info: File `index.out' has not changed.
(rerunfilecheck)             Checksum: 267F6CB76EA8B186890B2411E5DC12B6;13950.
 ) 
Here is how much of TeX's memory you used:
 15574 strings out of 480247
 253484 string characters out of 5896151
 720425 words of memory out of 5000000
 32890 multiletter control sequences out of 15000+600000
 524096 words of font info for 72 fonts, out of 8000000 for 9000
 15 hyphenation exceptions out of 8191
 70i,13n,76p,1795b,615s stack positions out of 5000i,500n,10000p,200000b,80000s
{/usr/share/texmf/fonts/enc/dvips/tex-gyre/q-ec.enc}{/usr/share/texmf/fonts/e
nc/dvips/tex-gyre/q-ts1.enc}</usr/share/texlive/texmf-dist/fonts/type1/public/a
msfonts/cm/cmmi5.pfb></usr/share/texlive/texmf-dist/fonts/type1/public/amsfonts
/cm/cmsy5.pfb></usr/share/texmf/fonts/type1/public/tex-gyre/qhvb.pfb></usr/shar
e/texmf/fonts/type1/public/tex-gyre/qhvbi.pfb></usr/share/texmf/fonts/type1/pub
lic/tex-gyre/qhvr.pfb></usr/share/texmf/fonts/type1/public/tex-gyre/qtmb.pfb></
usr/share/texmf/fonts/type1/public/tex-gyre/qtmr.pfb></usr/share/texmf/fonts/ty
pe1/public/tex-gyre/qtmri.pfb></usr/share/texlive/texmf-dist/fonts/type1/public
/txfonts/t1xbtt.pfb></usr/share/texlive/texmf-dist/fonts/type1/public/txfonts/t
1xtt.pfb></usr/share/texlive/texmf-dist/fonts/type1/public/txfonts/t1xtt.pfb></
usr/share/texlive/texmf-dist/fonts/type1/public/txfonts/tcxtt.pfb>
Output written on index.pdf (70 pages, 28003446 bytes).
PDF statistics:
 1058 PDF objects out of 1200 (max. 8388607)
 828 compressed objects within 9 object streams
 192 named destinations out of 1000 (max. 500000)
 1111 words of extra memory for PDF output out of 10000 (max. 10000000)

